\BOOKMARK [0][-]{section*.3}{Acknowledgements}{}% 1
\BOOKMARK [0][-]{section*.4}{Abstract}{}% 2
\BOOKMARK [0][-]{section*.6}{Outline of the Thesis}{}% 3
\BOOKMARK [-1][]{part.1}{Introduction and Theory}{}% 4
\BOOKMARK [0][-]{chapter.1}{Introduction}{part.1}% 5
\BOOKMARK [1][-]{section.1.1}{Information Exposure Bug}{chapter.1}% 6
\BOOKMARK [1][-]{section.1.2}{Motivation with Example}{chapter.1}% 7
\BOOKMARK [1][-]{section.1.3}{Security}{chapter.1}% 8
\BOOKMARK [1][-]{section.1.4}{Basic Terminologies}{chapter.1}% 9
\BOOKMARK [1][-]{section.1.5}{Contribution}{chapter.1}% 10
\BOOKMARK [0][-]{chapter.2}{Technical and Scientific Fundamentals}{part.1}% 11
\BOOKMARK [1][-]{section.2.1}{Sources of information flows with examples}{chapter.2}% 12
\BOOKMARK [1][-]{section.2.2}{Different Attacks}{chapter.2}% 13
\BOOKMARK [1][-]{section.2.3}{Analysis Techniques}{chapter.2}% 14
\BOOKMARK [1][-]{section.2.4}{Program Transformation}{chapter.2}% 15
\BOOKMARK [0][-]{chapter.3}{Related Work}{part.1}% 16
\BOOKMARK [-1][]{part.2}{Design and Development}{}% 17
\BOOKMARK [0][-]{chapter.4}{System Overview}{part.2}% 18
\BOOKMARK [0][-]{chapter.5}{Localization Algorithm}{part.2}% 19
\BOOKMARK [0][-]{chapter.6}{Approach}{part.2}% 20
\BOOKMARK [1][-]{section.6.1}{About the Tool}{chapter.6}% 21
\BOOKMARK [1][-]{section.6.2}{Bug Detection with tainting and triggering}{chapter.6}% 22
\BOOKMARK [1][-]{section.6.3}{Semi Automated Patch insertion Wizard}{chapter.6}% 23
\BOOKMARK [1][-]{section.6.4}{Tool Demo}{chapter.6}% 24
\BOOKMARK [0][-]{chapter.7}{Implementation}{part.2}% 25
\BOOKMARK [-1][]{part.3}{Evaluation and Discussion}{}% 26
\BOOKMARK [0][-]{chapter.8}{Empirical Evaluation}{part.3}% 27
\BOOKMARK [1][-]{section.8.1}{Test Setup}{chapter.8}% 28
\BOOKMARK [1][-]{section.8.2}{Methodology}{chapter.8}% 29
\BOOKMARK [1][-]{section.8.3}{Results and Constraints}{chapter.8}% 30
\BOOKMARK [1][-]{section.8.4}{Correctness validation}{chapter.8}% 31
\BOOKMARK [1][-]{section.8.5}{Correctness validation}{chapter.8}% 32
\BOOKMARK [1][-]{section.8.6}{Efficiency and Overhead}{chapter.8}% 33
\BOOKMARK [1][-]{section.8.7}{Program Behaviour}{chapter.8}% 34
\BOOKMARK [1][-]{section.8.8}{Usefulness of the generated Patches}{chapter.8}% 35
\BOOKMARK [0][-]{chapter.9}{Discussion}{part.3}% 36
\BOOKMARK [1][-]{section.9.1}{Limitations}{chapter.9}% 37
\BOOKMARK [1][-]{section.9.2}{Applications}{chapter.9}% 38
\BOOKMARK [1][-]{section.9.3}{Future Work}{chapter.9}% 39
\BOOKMARK [0][-]{chapter.10}{Summary and Conclusion}{part.3}% 40
\BOOKMARK [-1][]{part*.27}{Appendix}{}% 41
\BOOKMARK [0][-]{appendix.A}{Definitions and Abbrevations}{part*.27}% 42
\BOOKMARK [0][-]{appendix*.28}{Bibliography}{part*.27}% 43
